<?xml version="1.0" encoding="UTF-8"?>
<!-- Generated by org.testng.reporters.JUnitReportReporter -->
<testsuite hostname="DESKTOP-4KR98KV" failures="0" tests="1" name="org.testing.testscripts.TC2" time="73.381" errors="0" timestamp="2023-10-01T20:14:36 IST" skipped="0">
  <testcase classname="org.testing.testscripts.TC2" name="history" time="73.381"/>
  <system-out/>
</testsuite> <!-- org.testing.testscripts.TC2 -->
