<?xml version="1.0" encoding="UTF-8"?>
<!-- Generated by org.testng.reporters.JUnitReportReporter -->
<testsuite hostname="DESKTOP-4KR98KV" failures="0" tests="1" name="org.testing.testscripts.TC7" time="111.937" errors="0" timestamp="2023-10-06T20:24:37 IST" skipped="0">
  <testcase classname="org.testing.testscripts.TC7" name="comments" time="111.937"/>
  <system-out/>
</testsuite> <!-- org.testing.testscripts.TC7 -->
