<?xml version="1.0" encoding="UTF-8"?>
<!-- Generated by org.testng.reporters.JUnitReportReporter -->
<testsuite hostname="DESKTOP-4KR98KV" failures="0" tests="1" name="org.testing.testscripts.DemoLog" time="20.056" errors="0" timestamp="2023-10-04T17:44:31 IST" skipped="0">
  <testcase classname="org.testing.testscripts.DemoLog" name="demo" time="20.056"/>
  <system-out/>
</testsuite> <!-- org.testing.testscripts.DemoLog -->
